app/mapping.txt
# compiler: R8
# compiler_version: 2.2.71
# min_api: 26
# pg_map_id: 51bbc32
# common_typos_disable
ri.mt_demo.-$$Lambda$MainActivity2$f-19DEYIdmwlsxCja-oPXEP94Lw -> ri.mt_demo.a:
# {"id":"sourceFile","fileName":"lambda"}
    ri.mt_demo.-$$Lambda$MainActivity2$f-19DEYIdmwlsxCja-oPXEP94Lw INSTANCE -> a
    androidx.core.view.WindowInsetsCompat onApplyWindowInsets(android.view.View,androidx.core.view.WindowInsetsCompat) -> a
ri.mt_demo.-$$Lambda$Theapp$nOocnvVNgSD4aioVST9uzglIDDw -> ri.mt_demo.b:
# {"id":"sourceFile","fileName":"lambda"}
    ri.mt_demo.-$$Lambda$Theapp$nOocnvVNgSD4aioVST9uzglIDDw INSTANCE -> a
ri.mt_demo.MainActivity2 -> ri.mt_demo.MainActivity2:
    androidx.core.view.WindowInsetsCompat lambda$f-19DEYIdmwlsxCja-oPXEP94Lw(android.view.View,androidx.core.view.WindowInsetsCompat) -> a
ri.mt_demo.Theapp -> ri.mt_demo.Theapp:
    void lambda$nOocnvVNgSD4aioVST9uzglIDDw(java.lang.String,java.lang.String,java.lang.String,com.richinfo.mthttp.HttpRequestCallback) -> a
...
ch.qos.logback.classic.joran.-$$Lambda$Sywx1L_MLq1pyMZt044dQUfuN5w -> ch.qos.logback.classic.joran.t:
# {"id":"sourceFile","fileName":"lambda"}
    ch.qos.logback.classic.joran.-$$Lambda$Sywx1L_MLq1pyMZt044dQUfuN5w INSTANCE -> a
ch.qos.logback.classic.joran.-$$Lambda$UbyFTIcUI65oeJB_pMaCXglVsXk -> ch.qos.logback.classic.joran.u:
# {"id":"sourceFile","fileName":"lambda"}
    ch.qos.logback.classic.joran.-$$Lambda$UbyFTIcUI65oeJB_pMaCXglVsXk INSTANCE -> a
ch.qos.logback.classic.joran.-$$Lambda$bE2liXcp0cNbliHcD31crtShpo4 -> ch.qos.logback.classic.joran.v:
# {"id":"sourceFile","fileName":"lambda"}
    ch.qos.logback.classic.joran.-$$Lambda$bE2liXcp0cNbliHcD31crtShpo4 INSTANCE -> a
ch.qos.logback.classic.joran.-$$Lambda$hEMXI54ll91cYl35NojxdDzpV1U -> ch.qos.logback.classic.joran.w:
# {"id":"sourceFile","fileName":"lambda"}
    ch.qos.logback.classic.joran.-$$Lambda$hEMXI54ll91cYl35NojxdDzpV1U INSTANCE -> a
ch.qos.logback.classic.joran.-$$Lambda$rBMCYPawr3LtVetxIfPSKmS4RXU -> ch.qos.logback.classic.joran.x:
# {"id":"sourceFile","fileName":"lambda"}
    ch.qos.logback.classic.joran.-$$Lambda$rBMCYPawr3LtVetxIfPSKmS4RXU INSTANCE -> a
ch.qos.logback.classic.joran.-$$Lambda$s_qbu6BjJGcClKslkIq86kkh9Yg -> ch.qos.logback.classic.joran.y:
# {"id":"sourceFile","fileName":"lambda"}
    ch.qos.logback.classic.joran.-$$Lambda$s_qbu6BjJGcClKslkIq86kkh9Yg INSTANCE -> a
ch.qos.logback.classic.joran.JoranConfigurator -> ch.qos.logback.classic.joran.JoranConfigurator:
    ch.qos.logback.core.model.processor.ModelHandlerBase lambda$addModelHandlerAssociations$13$JoranConfigurator() -> j
    ch.qos.logback.core.model.processor.ModelHandlerBase lambda$addModelHandlerAssociations$14$JoranConfigurator() -> x
    ch.qos.logback.core.model.processor.ModelHandlerBase lambda$addModelHandlerAssociations$15$JoranConfigurator() -> y
    ch.qos.logback.core.model.processor.ModelHandlerBase lambda$addModelHandlerAssociations$16$JoranConfigurator() -> z
ch.qos.logback.core.joran.-$$Lambda$61cvxwCTS-BvJiYuyZwJLd3sKms -> ch.qos.logback.core.joran.a:
# {"id":"sourceFile","fileName":"lambda"}
    ch.qos.logback.core.joran.-$$Lambda$61cvxwCTS-BvJiYuyZwJLd3sKms INSTANCE -> a
ch.qos.logback.core.joran.-$$Lambda$6XgcS69UZQQgqkNw12RcQ35C3hA -> ch.qos.logback.core.joran.b:
# {"id":"sourceFile","fileName":"lambda"}
    ch.qos.logback.core.joran.-$$Lambda$6XgcS69UZQQgqkNw12RcQ35C3hA INSTANCE -> a
ch.qos.logback.core.joran.-$$Lambda$6fIOhDdpwEd3p_jDdNWCJBrAf6c -> ch.qos.logback.core.joran.c:
# {"id":"sourceFile","fileName":"lambda"}
    ch.qos.logback.core.joran.-$$Lambda$6fIOhDdpwEd3p_jDdNWCJBrAf6c INSTANCE -> a
ch.qos.logback.core.joran.-$$Lambda$6uKv_KIoAXNOMSIx0vu09XMLKE4 -> ch.qos.logback.core.joran.d:
# {"id":"sourceFile","fileName":"lambda"}
    ch.qos.logback.core.joran.-$$Lambda$6uKv_KIoAXNOMSIx0vu09XMLKE4 INSTANCE -> a
ch.qos.logback.core.joran.-$$Lambda$BabxkrsAQA_rV33eROW3h6FvgTg -> ch.qos.logback.core.joran.e:
# {"id":"sourceFile","fileName":"lambda"}
    ch.qos.logback.core.joran.-$$Lambda$BabxkrsAQA_rV33eROW3h6FvgTg INSTANCE -> a
ch.qos.logback.core.joran.-$$Lambda$C3kLl11WxGVy3S9Il_IBVcdlxXc -> ch.qos.logback.core.joran.f:
# {"id":"sourceFile","fileName":"lambda"}
    ch.qos.logback.core.joran.-$$Lambda$C3kLl11WxGVy3S9Il_IBVcdlxXc INSTANCE -> a
ch.qos.logback.core.joran.-$$Lambda$C5EtCiE65IDrLPySoqsMXg0BH1A -> ch.qos.logback.core.joran.g:
# {"id":"sourceFile","fileName":"lambda"}
    ch.qos.logback.core.joran.-$$Lambda$C5EtCiE65IDrLPySoqsMXg0BH1A INSTANCE -> a
ch.qos.logback.core.joran.-$$Lambda$E_5nv2mvITnkXq7L-fq42jyRAX0 -> ch.qos.logback.core.joran.h:
# {"id":"sourceFile","fileName":"lambda"}
    ch.qos.logback.core.joran.-$$Lambda$E_5nv2mvITnkXq7L-fq42jyRAX0 INSTANCE -> a
ch.qos.logback.core.joran.-$$Lambda$FE6B6qK2JryEiiZR-JO-qyGZlxk -> ch.qos.logback.core.joran.i:
# {"id":"sourceFile","fileName":"lambda"}
    ch.qos.logback.core.joran.-$$Lambda$FE6B6qK2JryEiiZR-JO-qyGZlxk INSTANCE -> a