app/unused.txt
androidx.vectordrawable.graphics.drawable.VectorDrawableCompat$VectorDrawableCompatState:
    int[] mCachedThemeAttrs
androidx.vectordrawable.graphics.drawable.VectorDrawableCompat:
    private static final boolean DBG_VECTOR_DRAWABLE
    private static final int LINECAP_BUTT
    private static final int LINECAP_ROUND
    private static final int LINECAP_SQUARE
    private static final int LINEJOIN_BEVEL
    private static final int LINEJOIN_MITER
    private static final int LINEJOIN_ROUND
    static final java.lang.String LOGTAG
    private static final int MAX_CACHED_BITMAP_SIZE
    private static final java.lang.String SHAPE_CLIP_PATH
    private static final java.lang.String SHAPE_GROUP
    private static final java.lang.String SHAPE_PATH
    private static final java.lang.String SHAPE_VECTOR
    public float getPixelSize()
    private void printGroupTree(androidx.vectordrawable.graphics.drawable.VectorDrawableCompat$VGroup,int)
androidx.versionedparcelable.CustomVersionedParcelable:
    public void onPostParceling()
    public void onPreParceling(boolean)
androidx.versionedparcelable.NonParcelField
androidx.versionedparcelable.ParcelField
androidx.versionedparcelable.ParcelImpl:
    public void <init>(androidx.versionedparcelable.VersionedParcelable)
    public androidx.versionedparcelable.VersionedParcelable getVersionedParcel()
androidx.versionedparcelable.ParcelUtils
androidx.versionedparcelable.R
androidx.versionedparcelable.VersionedParcel$1
androidx.versionedparcelable.VersionedParcel$ParcelException
androidx.versionedparcelable.VersionedParcel:
    private static final int EX_BAD_PARCELABLE
    private static final int EX_ILLEGAL_ARGUMENT
    private static final int EX_ILLEGAL_STATE
    private static final int EX_NETWORK_MAIN_THREAD
    private static final int EX_NULL_POINTER
    private static final int EX_PARCELABLE
    private static final int EX_SECURITY
    private static final int EX_UNSUPPORTED_OPERATION
    private static final java.lang.String TAG
    private static final int TYPE_BINDER
    private static final int TYPE_FLOAT
    private static final int TYPE_INTEGER
    private static final int TYPE_PARCELABLE
    private static final int TYPE_SERIALIZABLE
    private static final int TYPE_STRING
    private static final int TYPE_VERSIONED_PARCELABLE
    private java.lang.Exception createException(int,java.lang.String)
    protected static java.lang.Throwable getRootCause(java.lang.Throwable)
    private int getType(java.lang.Object)
    protected java.lang.Object[] readArray(java.lang.Object[])
    public java.lang.Object[] readArray(java.lang.Object[],int)
    protected boolean[] readBooleanArray()
    public boolean[] readBooleanArray(boolean[],int)
    protected abstract android.os.Bundle readBundle()
    public android.os.Bundle readBundle(android.os.Bundle,int)
    public byte readByte(byte,int)
    public char[] readCharArray(char[],int)
    private java.util.Collection readCollection(java.util.Collection)
androidx.versionedparcelable.VersionedParcelParcel:
    private static final boolean DEBUG
    private static final java.lang.String TAG
    public android.os.Bundle readBundle()
    public double readDouble()
    public float readFloat()
    public long readLong()
    public android.os.IBinder readStrongBinder()
    public void writeBundle(android.os.Bundle)
    public void writeByteArray(byte[],int,int)
    public void writeDouble(double)
    public void writeFloat(float)
    public void writeLong(long)
    public void writeStrongBinder(android.os.IBinder)
    public void writeStrongInterface(android.os.IInterface)
androidx.versionedparcelable.VersionedParcelStream$1
androidx.versionedparcelable.VersionedParcelStream$FieldBuffer
androidx.versionedparcelable.VersionedParcelStream
androidx.versionedparcelable.VersionedParcelize
androidx.viewbinding.BuildConfig
androidx.viewbinding.R